{
  "numFailedTestSuites": 1,
  "numFailedTests": 0,
  "numPassedTestSuites": 2,
  "numPassedTests": 3,
  "numPendingTestSuites": 0,
  "numPendingTests": 0,
  "numRuntimeErrorTestSuites": 1,
  "numTodoTests": 0,
  "numTotalTestSuites": 3,
  "numTotalTests": 3,
  "openHandles": [],
  "snapshot": {
    "added": 0,
    "didUpdate": false,
    "failure": false,
    "filesAdded": 0,
    "filesRemoved": 0,
    "filesRemovedList": [],
    "filesUnmatched": 0,
    "filesUpdated": 0,
    "matched": 0,
    "total": 0,
    "unchecked": 0,
    "uncheckedKeysByFile": [],
    "unmatched": 0,
    "updated": 0
  },
  "startTime": 1740502733988,
  "success": false,
  "testResults": [
    {
      "leaks": false,
      "numFailingTests": 0,
      "numPassingTests": 2,
      "numPendingTests": 0,
      "numTodoTests": 0,
      "openHandles": [],
      "perfStats": {
        "end": 1740502741536,
        "runtime": 4074,
        "slow": false,
        "start": 1740502737462
      },
      "skipped": false,
      "snapshot": {
        "added": 0,
        "fileDeleted": false,
        "matched": 0,
        "unchecked": 0,
        "uncheckedKeys": [],
        "unmatched": 0,
        "updated": 0
      },
      "testFilePath": "C:\\Users\\serda\\Documents\\Semestre 9\\Proyecto Integrador IV\\Equipo Pruebas\\repositorio\\branch\\Desarrollo-Aquasmart-Backend\\frontendWeb\\src\\Test\\InputItem.test.js",
      "testResults": [
        {
          "ancestorTitles": [
            "InputItem Component"
          ],
          "duration": 90,
          "failureDetails": [],
          "failureMessages": [],
          "fullName": "InputItem Component renderiza correctamente con las props dadas",
          "invocations": 1,
          "location": null,
          "numPassingAsserts": 3,
          "retryReasons": [],
          "status": "passed",
          "title": "renderiza correctamente con las props dadas"
        },
        {
          "ancestorTitles": [
            "InputItem Component"
          ],
          "duration": 8,
          "failureDetails": [],
          "failureMessages": [],
          "fullName": "InputItem Component permite escribir en el input",
          "invocations": 1,
          "location": null,
          "numPassingAsserts": 1,
          "retryReasons": [],
          "status": "passed",
          "title": "permite escribir en el input"
        }
      ],
      "failureMessage": null
    },
    {
      "leaks": false,
      "numFailingTests": 0,
      "numPassingTests": 1,
      "numPendingTests": 0,
      "numTodoTests": 0,
      "openHandles": [],
      "perfStats": {
        "end": 1740502741688,
        "runtime": 4284,
        "slow": false,
        "start": 1740502737404
      },
      "skipped": false,
      "snapshot": {
        "added": 0,
        "fileDeleted": false,
        "matched": 0,
        "unchecked": 0,
        "uncheckedKeys": [],
        "unmatched": 0,
        "updated": 0
      },
      "testFilePath": "C:\\Users\\serda\\Documents\\Semestre 9\\Proyecto Integrador IV\\Equipo Pruebas\\repositorio\\branch\\Desarrollo-Aquasmart-Backend\\frontendWeb\\src\\Test\\Home.test.js",
      "testResults": [
        {
          "ancestorTitles": [],
          "duration": 92,
          "failureDetails": [],
          "failureMessages": [],
          "fullName": "renders Home component with NavBar",
          "invocations": 1,
          "location": null,
          "numPassingAsserts": 1,
          "retryReasons": [],
          "status": "passed",
          "title": "renders Home component with NavBar"
        }
      ],
      "failureMessage": null
    },
    {
      "failureMessage": "  \u001b[1m● \u001b[22mTest suite failed to run\n\n    ReferenceError: TextEncoder is not defined\n\n    \u001b[0m \u001b[90m 1 |\u001b[39m \u001b[36mimport\u001b[39m \u001b[33mReact\u001b[39m \u001b[36mfrom\u001b[39m \u001b[32m'react'\u001b[39m\n    \u001b[31m\u001b[1m>\u001b[22m\u001b[39m\u001b[90m 2 |\u001b[39m \u001b[36mimport\u001b[39m { \u001b[33mLink\u001b[39m } \u001b[36mfrom\u001b[39m \u001b[32m'react-router-dom'\u001b[39m\u001b[33m;\u001b[39m\n     \u001b[90m   |\u001b[39m \u001b[31m\u001b[1m^\u001b[22m\u001b[39m\n     \u001b[90m 3 |\u001b[39m\n     \u001b[90m 4 |\u001b[39m \u001b[36mfunction\u001b[39m \u001b[33mNavBar\u001b[39m() {\n     \u001b[90m 5 |\u001b[39m     \u001b[36mreturn\u001b[39m (\u001b[0m\n\n      \u001b[2mat Object.<anonymous> (\u001b[22mnode_modules/react-router/dist/development/index.js\u001b[2m:8510:15)\u001b[22m\n      \u001b[2mat Object.<anonymous> (\u001b[22mnode_modules/react-router-dom/dist/index.js\u001b[2m:39:38)\u001b[22m\n      \u001b[2mat Object.require (\u001b[22msrc/components/NavBar.jsx\u001b[2m:2:1)\u001b[22m\n      \u001b[2mat Object.require (\u001b[22m\u001b[0m\u001b[36msrc/Test/Navbar.test.js\u001b[39m\u001b[0m\u001b[2m:9:1)\u001b[22m\n",
      "leaks": false,
      "numFailingTests": 0,
      "numPassingTests": 0,
      "numPendingTests": 0,
      "numTodoTests": 0,
      "openHandles": [],
      "perfStats": {
        "end": 0,
        "runtime": 0,
        "slow": false,
        "start": 0
      },
      "skipped": false,
      "snapshot": {
        "added": 0,
        "fileDeleted": false,
        "matched": 0,
        "unchecked": 0,
        "uncheckedKeys": [],
        "unmatched": 0,
        "updated": 0
      },
      "testExecError": "TextEncoder is not defined",
      "testFilePath": "C:\\Users\\serda\\Documents\\Semestre 9\\Proyecto Integrador IV\\Equipo Pruebas\\repositorio\\branch\\Desarrollo-Aquasmart-Backend\\frontendWeb\\src\\Test\\Navbar.test.js",
      "testResults": []
    }
  ],
  "wasInterrupted": false
}