{
  "numFailedTestSuites": 0,
  "numFailedTests": 0,
  "numPassedTestSuites": 2,
  "numPassedTests": 3,
  "numPendingTestSuites": 0,
  "numPendingTests": 0,
  "numRuntimeErrorTestSuites": 0,
  "numTodoTests": 0,
  "numTotalTestSuites": 2,
  "numTotalTests": 3,
  "openHandles": [],
  "snapshot": {
    "added": 0,
    "didUpdate": false,
    "failure": false,
    "filesAdded": 0,
    "filesRemoved": 0,
    "filesRemovedList": [],
    "filesUnmatched": 0,
    "filesUpdated": 0,
    "matched": 0,
    "total": 0,
    "unchecked": 0,
    "uncheckedKeysByFile": [],
    "unmatched": 0,
    "updated": 0
  },
  "startTime": 1740417713686,
  "success": false,
  "testResults": [
    {
      "leaks": false,
      "numFailingTests": 0,
      "numPassingTests": 1,
      "numPendingTests": 0,
      "numTodoTests": 0,
      "openHandles": [],
      "perfStats": {
        "end": 1740417716240,
        "runtime": 1340,
        "slow": false,
        "start": 1740417714900
      },
      "skipped": false,
      "snapshot": {
        "added": 0,
        "fileDeleted": false,
        "matched": 0,
        "unchecked": 0,
        "uncheckedKeys": [],
        "unmatched": 0,
        "updated": 0
      },
      "testFilePath": "C:\\Users\\osdo-\\Documents\\Desarrollo-Aquasmart\\frontendWeb\\src\\Test\\Home.test.js",
      "testResults": [
        {
          "ancestorTitles": [],
          "duration": 30,
          "failureDetails": [],
          "failureMessages": [],
          "fullName": "renders Home component with NavBar",
          "invocations": 1,
          "location": null,
          "numPassingAsserts": 1,
          "retryReasons": [],
          "status": "passed",
          "title": "renders Home component with NavBar"
        }
      ],
      "failureMessage": null
    },
    {
      "leaks": false,
      "numFailingTests": 0,
      "numPassingTests": 2,
      "numPendingTests": 0,
      "numTodoTests": 0,
      "openHandles": [],
      "perfStats": {
        "end": 1740417716546,
        "runtime": 1648,
        "slow": false,
        "start": 1740417714898
      },
      "skipped": false,
      "snapshot": {
        "added": 0,
        "fileDeleted": false,
        "matched": 0,
        "unchecked": 0,
        "uncheckedKeys": [],
        "unmatched": 0,
        "updated": 0
      },
      "testFilePath": "C:\\Users\\osdo-\\Documents\\Desarrollo-Aquasmart\\frontendWeb\\src\\Test\\InputItem.test.js",
      "testResults": [
        {
          "ancestorTitles": [
            "InputItem Component"
          ],
          "duration": 42,
          "failureDetails": [],
          "failureMessages": [],
          "fullName": "InputItem Component renderiza correctamente con las props dadas",
          "invocations": 1,
          "location": null,
          "numPassingAsserts": 3,
          "retryReasons": [],
          "status": "passed",
          "title": "renderiza correctamente con las props dadas"
        },
        {
          "ancestorTitles": [
            "InputItem Component"
          ],
          "duration": 3,
          "failureDetails": [],
          "failureMessages": [],
          "fullName": "InputItem Component permite escribir en el input",
          "invocations": 1,
          "location": null,
          "numPassingAsserts": 1,
          "retryReasons": [],
          "status": "passed",
          "title": "permite escribir en el input"
        }
      ],
      "failureMessage": null
    }
  ],
  "wasInterrupted": false
}